15:41:41:658  INFO 14016 --- [main] com.hmall.user.UserServiceApplication    : Starting UserServiceApplication using Java 11.0.24 on DESKTOP-4M9GEQC with PID 14016 (D:\code\hmall\user-service\target\classes started by LiRui in D:\code\hmall)
15:41:41:663 DEBUG 14016 --- [main] com.hmall.user.UserServiceApplication    : Running with Spring Boot v2.7.12, Spring v5.3.27
15:41:41:665  INFO 14016 --- [main] com.hmall.user.UserServiceApplication    : The following 1 profile is active: "local"
15:41:43:112  INFO 14016 --- [main] .s.d.r.c.RepositoryConfigurationDelegate : Multiple Spring Data modules found, entering strict repository configuration mode
15:41:43:115  INFO 14016 --- [main] .s.d.r.c.RepositoryConfigurationDelegate : Bootstrapping Spring Data Redis repositories in DEFAULT mode.
15:41:43:145  INFO 14016 --- [main] .s.d.r.c.RepositoryConfigurationDelegate : Finished Spring Data repository scanning in 11 ms. Found 0 Redis repository interfaces.
15:41:43:470  INFO 14016 --- [main] o.s.cloud.context.scope.GenericScope     : BeanFactory id=49538ba2-ddf7-3b3b-bad7-d871617bdcad
15:41:44:038  INFO 14016 --- [main] o.s.b.w.embedded.tomcat.TomcatWebServer  : Tomcat initialized with port(s): 8085 (http)
15:41:44:051  INFO 14016 --- [main] o.apache.catalina.core.StandardService   : Starting service [Tomcat]
15:41:44:051  INFO 14016 --- [main] org.apache.catalina.core.StandardEngine  : Starting Servlet engine: [Apache Tomcat/9.0.75]
15:41:44:198  INFO 14016 --- [main] o.a.c.c.C.[Tomcat].[localhost].[/]       : Initializing Spring embedded WebApplicationContext
15:41:44:199  INFO 14016 --- [main] w.s.c.ServletWebServerApplicationContext : Root WebApplicationContext: initialization completed in 2467 ms
15:41:46:453  INFO 14016 --- [main] c.a.c.sentinel.SentinelWebMvcConfigurer  : [Sentinel Starter] register SentinelWebInterceptor with urlPatterns: [/**].
15:41:47:175  INFO 14016 --- [main] pertySourcedRequestMappingHandlerMapping : Mapped URL path [/v2/api-docs] onto method [springfox.documentation.swagger2.web.Swagger2ControllerWebMvc#getDocumentation(String, HttpServletRequest)]
15:41:49:255  INFO 14016 --- [main] com.alibaba.nacos.common.remote.client   : [RpcClientFactory] create a new rpc client of 47c1453b-c3ba-4383-b116-c5c96c75a283
15:41:49:366  INFO 14016 --- [main] org.reflections.Reflections              : Reflections took 53 ms to scan 1 urls, producing 3 keys and 6 values 
15:41:49:435  INFO 14016 --- [main] org.reflections.Reflections              : Reflections took 26 ms to scan 1 urls, producing 4 keys and 9 values 
15:41:49:467  INFO 14016 --- [main] org.reflections.Reflections              : Reflections took 23 ms to scan 1 urls, producing 3 keys and 10 values 
15:41:49:476  WARN 14016 --- [main] org.reflections.Reflections              : given scan urls are empty. set urls in the configuration
15:41:49:499  INFO 14016 --- [main] org.reflections.Reflections              : Reflections took 21 ms to scan 1 urls, producing 1 keys and 5 values 
15:41:49:524  INFO 14016 --- [main] org.reflections.Reflections              : Reflections took 20 ms to scan 1 urls, producing 1 keys and 7 values 
15:41:49:547  INFO 14016 --- [main] org.reflections.Reflections              : Reflections took 18 ms to scan 1 urls, producing 2 keys and 8 values 
15:41:49:551  WARN 14016 --- [main] org.reflections.Reflections              : given scan urls are empty. set urls in the configuration
15:41:49:554  INFO 14016 --- [main] com.alibaba.nacos.common.remote.client   : [47c1453b-c3ba-4383-b116-c5c96c75a283] RpcClient init label, labels = {module=naming, source=sdk}
15:41:49:558  INFO 14016 --- [main] com.alibaba.nacos.common.remote.client   : [47c1453b-c3ba-4383-b116-c5c96c75a283] RpcClient init, ServerListFactory = com.alibaba.nacos.client.naming.core.ServerListManager
15:41:49:558  INFO 14016 --- [main] com.alibaba.nacos.common.remote.client   : [47c1453b-c3ba-4383-b116-c5c96c75a283] Registry connection listener to current client:com.alibaba.nacos.client.naming.remote.gprc.redo.NamingGrpcRedoService
15:41:49:559  INFO 14016 --- [main] com.alibaba.nacos.common.remote.client   : [47c1453b-c3ba-4383-b116-c5c96c75a283] Register server push request handler:com.alibaba.nacos.client.naming.remote.gprc.NamingPushRequestHandler
15:41:49:563  INFO 14016 --- [main] com.alibaba.nacos.common.remote.client   : [47c1453b-c3ba-4383-b116-c5c96c75a283] Try to connect to server on start up, server: {serverIp = '10.41.5.44', server main port = 8848}
15:41:52:285  INFO 14016 --- [main] com.alibaba.nacos.common.remote.client   : [47c1453b-c3ba-4383-b116-c5c96c75a283] Success to connect to server [10.41.5.44:8848] on start up, connectionId = 1743406933335_10.35.141.10_49351
15:41:52:286  INFO 14016 --- [com.alibaba.nacos.client.remote.worker] com.alibaba.nacos.common.remote.client   : [47c1453b-c3ba-4383-b116-c5c96c75a283] Notify connected event to listeners.
15:41:52:288  INFO 14016 --- [main] com.alibaba.nacos.common.remote.client   : [47c1453b-c3ba-4383-b116-c5c96c75a283] Register server push request handler:com.alibaba.nacos.common.remote.client.RpcClient$ConnectResetRequestHandler
15:41:52:290  INFO 14016 --- [main] com.alibaba.nacos.common.remote.client   : [47c1453b-c3ba-4383-b116-c5c96c75a283] Register server push request handler:com.alibaba.nacos.common.remote.client.RpcClient$$Lambda$1205/0x0000000100853c40
15:41:52:420  INFO 14016 --- [main] o.s.b.w.embedded.tomcat.TomcatWebServer  : Tomcat started on port(s): 8085 (http) with context path ''
15:41:52:457  INFO 14016 --- [main] c.a.c.n.registry.NacosServiceRegistry    : nacos registry, DEFAULT_GROUP user-service 10.35.141.10:8085 register finished
15:41:52:851  INFO 14016 --- [nacos-grpc-client-executor-9] com.alibaba.nacos.common.remote.client   : [47c1453b-c3ba-4383-b116-c5c96c75a283] Receive server push request, request = NotifySubscriberRequest, requestId = 868
15:41:52:856  INFO 14016 --- [nacos-grpc-client-executor-9] com.alibaba.nacos.common.remote.client   : [47c1453b-c3ba-4383-b116-c5c96c75a283] Ack server push request, request = NotifySubscriberRequest, requestId = 868
15:41:52:946  INFO 14016 --- [main] d.s.w.p.DocumentationPluginsBootstrapper : Documentation plugins bootstrapped
15:41:52:951  INFO 14016 --- [main] d.s.w.p.DocumentationPluginsBootstrapper : Found 1 custom documentation plugin(s)
15:41:52:975  INFO 14016 --- [main] s.d.s.w.s.ApiListingReferenceScanner     : Scanning for api listing references
15:41:53:156  INFO 14016 --- [main] com.hmall.user.UserServiceApplication    : Started UserServiceApplication in 12.725 seconds (JVM running for 13.935)
15:42:33:610  INFO 14016 --- [http-nio-8085-exec-1] o.a.c.c.C.[Tomcat].[localhost].[/]       : Initializing Spring DispatcherServlet 'dispatcherServlet'
15:42:33:610  INFO 14016 --- [http-nio-8085-exec-1] o.s.web.servlet.DispatcherServlet        : Initializing Servlet 'dispatcherServlet'
15:42:33:612  INFO 14016 --- [http-nio-8085-exec-1] o.s.web.servlet.DispatcherServlet        : Completed initialization in 2 ms
15:42:34:066  INFO 14016 --- [http-nio-8085-exec-1] com.zaxxer.hikari.HikariDataSource       : HikariPool-1 - Starting...
15:42:34:497  INFO 14016 --- [http-nio-8085-exec-1] com.zaxxer.hikari.HikariDataSource       : HikariPool-1 - Start completed.
15:42:34:509 DEBUG 14016 --- [http-nio-8085-exec-1] c.h.user.mapper.UserMapper.selectOne     : ==>  Preparing: SELECT id,username,password,phone,create_time,update_time,status,balance FROM user WHERE (username = ?)
15:42:34:547 DEBUG 14016 --- [http-nio-8085-exec-1] c.h.user.mapper.UserMapper.selectOne     : ==> Parameters: jack(String)
15:42:34:581 DEBUG 14016 --- [http-nio-8085-exec-1] c.h.user.mapper.UserMapper.selectOne     : <==      Total: 1
15:42:36:535 DEBUG 14016 --- [http-nio-8085-exec-2] c.h.user.mapper.UserMapper.selectOne     : ==>  Preparing: SELECT id,username,password,phone,create_time,update_time,status,balance FROM user WHERE (username = ?)
15:42:36:536 DEBUG 14016 --- [http-nio-8085-exec-2] c.h.user.mapper.UserMapper.selectOne     : ==> Parameters: jack(String)
15:42:36:541 DEBUG 14016 --- [http-nio-8085-exec-2] c.h.user.mapper.UserMapper.selectOne     : <==      Total: 1
15:45:02:031  WARN 14016 --- [Thread-4] c.a.nacos.common.notify.NotifyCenter     : [NotifyCenter] Start destroying Publisher
15:45:02:031  WARN 14016 --- [Thread-7] c.a.n.common.http.HttpClientBeanHolder   : [HttpClientBeanHolder] Start destroying common HttpClient
15:45:02:031  WARN 14016 --- [Thread-4] c.a.nacos.common.notify.NotifyCenter     : [NotifyCenter] Destruction of the end
15:45:02:032  WARN 14016 --- [Thread-7] c.a.n.common.http.HttpClientBeanHolder   : [HttpClientBeanHolder] Destruction of the end
15:45:02:408  INFO 14016 --- [SpringApplicationShutdownHook] c.a.c.n.registry.NacosServiceRegistry    : De-registering from Nacos Server now...
15:45:02:422  INFO 14016 --- [SpringApplicationShutdownHook] c.a.c.n.registry.NacosServiceRegistry    : De-registration finished.
15:45:02:758  INFO 14016 --- [SpringApplicationShutdownHook] com.alibaba.nacos.common.remote.client   : Shutdown rpc client, set status to shutdown
15:45:02:758  INFO 14016 --- [SpringApplicationShutdownHook] com.alibaba.nacos.common.remote.client   : Shutdown client event executor java.util.concurrent.ScheduledThreadPoolExecutor@1f55eaeb[Running, pool size = 2, active threads = 2, queued tasks = 0, completed tasks = 0]
15:45:02:759  INFO 14016 --- [SpringApplicationShutdownHook] com.alibaba.nacos.common.remote.client   : Close current connection 1743406933335_10.35.141.10_49351
15:45:02:764  INFO 14016 --- [nacos-grpc-client-executor-61] c.a.n.c.remote.client.grpc.GrpcClient    : [1743406933335_10.35.141.10_49351]Ignore complete event,isRunning:false,isAbandon=false
15:45:02:773  INFO 14016 --- [SpringApplicationShutdownHook] c.a.n.c.remote.client.grpc.GrpcClient    : Shutdown grpc executor java.util.concurrent.ThreadPoolExecutor@6385b742[Running, pool size = 7, active threads = 0, queued tasks = 0, completed tasks = 62]
15:45:02:788  INFO 14016 --- [SpringApplicationShutdownHook] com.zaxxer.hikari.HikariDataSource       : HikariPool-1 - Shutdown initiated...
15:45:02:826  INFO 14016 --- [SpringApplicationShutdownHook] com.zaxxer.hikari.HikariDataSource       : HikariPool-1 - Shutdown completed.
